<?xml version="1.0" encoding="utf-8"?><testsuites name="pytest tests"><testsuite name="pytest" errors="0" failures="0" skipped="0" tests="30" time="17.355" timestamp="2026-07-02T02:59:19.904846+00:00" hostname="agent-env-c5f27c0d-0d44-43f7-aabf-053854b5d12d"><testcase classname="backend.tests.backend_test.TestHealth" name="test_health" time="0.327" /><testcase classname="backend.tests.backend_test.TestHealth" name="test_public_readers_list" time="0.309" /><testcase classname="backend.tests.backend_test.TestHealth" name="test_reader_profile_by_id" time="0.586" /><testcase classname="backend.tests.backend_test.TestHealth" name="test_newsletter_signup" time="0.172" /><testcase classname="backend.tests.backend_test.TestHealth" name="test_forum_posts_public" time="0.174" /><testcase classname="backend.tests.backend_test.TestAuth" name="test_login_all_roles" time="0.722" /><testcase classname="backend.tests.backend_test.TestAuth" name="test_me_endpoint" time="0.270" /><testcase classname="backend.tests.backend_test.TestAuth" name="test_register_new_client" time="0.850" /><testcase classname="backend.tests.backend_test.TestReader" name="test_reader_status_toggle_and_pricing" time="0.650" /><testcase classname="backend.tests.backend_test.TestReader" name="test_reader_pricing_update" time="0.245" /><testcase classname="backend.tests.backend_test.TestReader" name="test_reader_earnings" time="0.373" /><testcase classname="backend.tests.backend_test.TestReader" name="test_reader_sessions_history" time="0.243" /><testcase classname="backend.tests.backend_test.TestReader" name="test_reader_reviews" time="0.235" /><testcase classname="backend.tests.backend_test.TestClientDashboard" name="test_me_readings" time="0.269" /><testcase classname="backend.tests.backend_test.TestClientDashboard" name="test_me_transactions" time="0.234" /><testcase classname="backend.tests.backend_test.TestPayments" name="test_checkout_session_created_preset" time="1.037" /><testcase classname="backend.tests.backend_test.TestPayments" name="test_checkout_invalid_package" time="0.195" /><testcase classname="backend.tests.backend_test.TestSecurity" name="test_admin_endpoints_forbidden_for_client" time="0.176" /><testcase classname="backend.tests.backend_test.TestSecurity" name="test_admin_endpoints_forbidden_no_auth" time="0.098" /><testcase classname="backend.tests.backend_test.TestSecurity" name="test_reading_402_when_low_balance" time="1.211" /><testcase classname="backend.tests.backend_test.TestSecurity" name="test_reading_403_for_non_participant" time="1.107" /><testcase classname="backend.tests.backend_test.TestAdmin" name="test_admin_users_list" time="0.325" /><testcase classname="backend.tests.backend_test.TestAdmin" name="test_admin_readings_with_split" time="0.286" /><testcase classname="backend.tests.backend_test.TestAdmin" name="test_admin_transactions" time="0.226" /><testcase classname="backend.tests.backend_test.TestAdmin" name="test_admin_balance_adjust" time="0.900" /><testcase classname="backend.tests.backend_test.TestAdmin" name="test_admin_create_reader" time="0.768" /><testcase classname="backend.tests.backend_test.TestAdmin" name="test_admin_flagged_moderation" time="0.223" /><testcase classname="backend.tests.backend_test.TestForum" name="test_create_post_and_flag_and_delete" time="1.570" /><testcase classname="backend.tests.backend_test.TestReadingRequest" name="test_request_and_decline" time="1.494" /><testcase classname="backend.tests.backend_test.TestCloudflare" name="test_rtc_session_expected_502" time="1.969" /></testsuite></testsuites>